[debug] [2021-10-27T18:44:33.378Z] ----------------------------------------------------------------------
[debug] [2021-10-27T18:44:33.380Z] Command:       C:\Program Files\nodejs\node.exe C:\Users\user\AppData\Roaming\npm\node_modules\firebase-tools\lib\bin\firebase.js init
[debug] [2021-10-27T18:44:33.381Z] CLI Version:   9.21.0
[debug] [2021-10-27T18:44:33.381Z] Platform:      win32
[debug] [2021-10-27T18:44:33.381Z] Node Version:  v14.17.6
[debug] [2021-10-27T18:44:33.381Z] Time:          Thu Oct 28 2021 00:44:33 GMT+0600 (Bangladesh Standard Time)
[debug] [2021-10-27T18:44:33.381Z] ----------------------------------------------------------------------
[debug] 
[debug] [2021-10-27T18:44:33.425Z] > command requires scopes: ["email","openid","https://www.googleapis.com/auth/cloudplatformprojects.readonly","https://www.googleapis.com/auth/firebase","https://www.googleapis.com/auth/cloud-platform"]
[debug] [2021-10-27T18:44:33.425Z] > authorizing via signed-in user (apu1578@gmail.com)
[info] 
     ######## #### ########  ######## ########     ###     ######  ########
     ##        ##  ##     ## ##       ##     ##  ##   ##  ##       ##
     ######    ##  ########  ######   ########  #########  ######  ######
     ##        ##  ##    ##  ##       ##     ## ##     ##       ## ##
     ##       #### ##     ## ######## ########  ##     ##  ######  ########

You're about to initialize a Firebase project in this directory:

  C:\projects\milestone-11\module65\Genius-mechanic

Before we get started, keep in mind:

  * You are currently outside your home directory
  * You are initializing within an existing Firebase project directory

